# JRE version: OpenJDK Runtime Environment Temurin-17.0.13+11 (17.0.13+11) (build 17.0.13+11)
# Java VM: OpenJDK 64-Bit Server VM Temurin-17.0.13+11 (17.0.13+11, mixed mode, tiered, compressed oops, compressed class ptrs, parallel gc, linux-amd64)
GC Precious Log:
 CPUs: 64 total, 64 available
 Memory: 125G
 Large Page Support: Disabled
 NUMA Support: Disabled
 Compressed Oops: Enabled (32-bit)
 Alignments: Space 512K, Generation 512K, Heap 2M
 Heap Min Capacity: 100M
 Heap Initial Capacity: 100M
 Heap Max Capacity: 1G
 Pre-touch: Disabled
 Parallel Workers: 43
Heap:
 PSYoungGen      total 67584K, used 31282K [0x00000000eab00000, 0x00000000f0300000, 0x0000000100000000)
  eden space 51712K, 29% used [0x00000000eab00000,0x00000000eba0f558,0x00000000edd80000)
  from space 15872K, 99% used [0x00000000edd80000,0x00000000eecfd3a8,0x00000000eed00000)
  to   space 17920K, 0% used [0x00000000ef180000,0x00000000ef180000,0x00000000f0300000)
 ParOldGen       total 311808K, used 259922K [0x00000000c0000000, 0x00000000d3080000, 0x00000000eab00000)
  object space 311808K, 83% used [0x00000000c0000000,0x00000000cfdd4b98,0x00000000d3080000)
 Metaspace       used 76358K, committed 77760K, reserved 1179648K
  class space    used 8057K, committed 8640K, reserved 1048576K
GC Heap History (20 events):
Event: 54,695 GC heap before
{Heap before GC invocations=111 (full 8):
 PSYoungGen      total 70144K, used 70005K [0x00000000eab00000, 0x00000000ef880000, 0x0000000100000000)
  eden space 63488K, 100% used [0x00000000eab00000,0x00000000ee900000,0x00000000ee900000)
  from space 6656K, 97% used [0x00000000eee00000,0x00000000ef45d6a0,0x00000000ef480000)
  to   space 4096K, 0% used [0x00000000ef480000,0x00000000ef480000,0x00000000ef880000)
 ParOldGen       total 311808K, used 240441K [0x00000000c0000000, 0x00000000d3080000, 0x00000000eab00000)
  object space 311808K, 77% used [0x00000000c0000000,0x00000000ceace6d8,0x00000000d3080000)
 Metaspace       used 75981K, committed 77248K, reserved 1179648K
  class space    used 8037K, committed 8576K, reserved 1048576K
}
Event: 54,701 GC heap after
{Heap after GC invocations=111 (full 8):
 PSYoungGen      total 65536K, used 2707K [0x00000000eab00000, 0x00000000ef780000, 0x0000000100000000)
  eden space 62464K, 0% used [0x00000000eab00000,0x00000000eab00000,0x00000000ee800000)
  from space 3072K, 88% used [0x00000000ef480000,0x00000000ef724fc8,0x00000000ef780000)
  to   space 4608K, 0% used [0x00000000eee80000,0x00000000eee80000,0x00000000ef300000)
 ParOldGen       total 311808K, used 240441K [0x00000000c0000000, 0x00000000d3080000, 0x00000000eab00000)
  object space 311808K, 77% used [0x00000000c0000000,0x00000000ceace6d8,0x00000000d3080000)
 Metaspace       used 75981K, committed 77248K, reserved 1179648K
  class space    used 8037K, committed 8576K, reserved 1048576K
}
Event: 55,780 GC heap before
{Heap before GC invocations=112 (full 8):
 PSYoungGen      total 65536K, used 65171K [0x00000000eab00000, 0x00000000ef780000, 0x0000000100000000)
  eden space 62464K, 100% used [0x00000000eab00000,0x00000000ee800000,0x00000000ee800000)
  from space 3072K, 88% used [0x00000000ef480000,0x00000000ef724fc8,0x00000000ef780000)
  to   space 4608K, 0% used [0x00000000eee80000,0x00000000eee80000,0x00000000ef300000)
 ParOldGen       total 311808K, used 240441K [0x00000000c0000000, 0x00000000d3080000, 0x00000000eab00000)
  object space 311808K, 77% used [0x00000000c0000000,0x00000000ceace6d8,0x00000000d3080000)
 Metaspace       used 75989K, committed 77312K, reserved 1179648K
  class space    used 8037K, committed 8576K, reserved 1048576K
}
Event: 55,786 GC heap after
{Heap after GC invocations=112 (full 8):
 PSYoungGen      total 64000K, used 2358K [0x00000000eab00000, 0x00000000ef500000, 0x0000000100000000)
  eden space 61440K, 0% used [0x00000000eab00000,0x00000000eab00000,0x00000000ee700000)
  from space 2560K, 92% used [0x00000000eee80000,0x00000000ef0cd910,0x00000000ef100000)
  to   space 3072K, 0% used [0x00000000ef200000,0x00000000ef200000,0x00000000ef500000)
 ParOldGen       total 311808K, used 240441K [0x00000000c0000000, 0x00000000d3080000, 0x00000000eab00000)
  object space 311808K, 77% used [0x00000000c0000000,0x00000000ceace6d8,0x00000000d3080000)
 Metaspace       used 75989K, committed 77312K, reserved 1179648K
  class space    used 8037K, committed 8576K, reserved 1048576K
}
Event: 56,267 GC heap before
{Heap before GC invocations=113 (full 8):
 PSYoungGen      total 64000K, used 63798K [0x00000000eab00000, 0x00000000ef500000, 0x0000000100000000)
  eden space 61440K, 100% used [0x00000000eab00000,0x00000000ee700000,0x00000000ee700000)
  from space 2560K, 92% used [0x00000000eee80000,0x00000000ef0cd910,0x00000000ef100000)
  to   space 3072K, 0% used [0x00000000ef200000,0x00000000ef200000,0x00000000ef500000)
 ParOldGen       total 311808K, used 240441K [0x00000000c0000000, 0x00000000d3080000, 0x00000000eab00000)
  object space 311808K, 77% used [0x00000000c0000000,0x00000000ceace6d8,0x00000000d3080000)
 Metaspace       used 75992K, committed 77312K, reserved 1179648K
  class space    used 8037K, committed 8576K, reserved 1048576K
}
Event: 56,280 GC heap after
{Heap after GC invocations=113 (full 8):
 PSYoungGen      total 63488K, used 3059K [0x00000000eab00000, 0x00000000ef500000, 0x0000000100000000)
  eden space 60416K, 0% used [0x00000000eab00000,0x00000000eab00000,0x00000000ee600000)
  from space 3072K, 99% used [0x00000000ef200000,0x00000000ef4fce68,0x00000000ef500000)
  to   space 5120K, 0% used [0x00000000eeb00000,0x00000000eeb00000,0x00000000ef000000)
 ParOldGen       total 311808K, used 241777K [0x00000000c0000000, 0x00000000d3080000, 0x00000000eab00000)
  object space 311808K, 77% used [0x00000000c0000000,0x00000000cec1c6d8,0x00000000d3080000)
 Metaspace       used 75992K, committed 77312K, reserved 1179648K
  class space    used 8037K, committed 8576K, reserved 1048576K
}
Event: 56,713 GC heap before
{Heap before GC invocations=114 (full 8):
 PSYoungGen      total 63488K, used 63475K [0x00000000eab00000, 0x00000000ef500000, 0x0000000100000000)
  eden space 60416K, 100% used [0x00000000eab00000,0x00000000ee600000,0x00000000ee600000)
  from space 3072K, 99% used [0x00000000ef200000,0x00000000ef4fce68,0x00000000ef500000)
  to   space 5120K, 0% used [0x00000000eeb00000,0x00000000eeb00000,0x00000000ef000000)
 ParOldGen       total 311808K, used 241777K [0x00000000c0000000, 0x00000000d3080000, 0x00000000eab00000)
  object space 311808K, 77% used [0x00000000c0000000,0x00000000cec1c6d8,0x00000000d3080000)
 Metaspace       used 75992K, committed 77312K, reserved 1179648K
  class space    used 8037K, committed 8576K, reserved 1048576K
}
Event: 56,717 GC heap after
{Heap after GC invocations=114 (full 8):
 PSYoungGen      total 64000K, used 4397K [0x00000000eab00000, 0x00000000ef280000, 0x0000000100000000)
  eden space 59392K, 0% used [0x00000000eab00000,0x00000000eab00000,0x00000000ee500000)
  from space 4608K, 95% used [0x00000000eeb00000,0x00000000eef4b500,0x00000000eef80000)
  to   space 3072K, 0% used [0x00000000eef80000,0x00000000eef80000,0x00000000ef280000)
 ParOldGen       total 311808K, used 242401K [0x00000000c0000000, 0x00000000d3080000, 0x00000000eab00000)
  object space 311808K, 77% used [0x00000000c0000000,0x00000000cecb86d8,0x00000000d3080000)
 Metaspace       used 75992K, committed 77312K, reserved 1179648K
  class space    used 8037K, committed 8576K, reserved 1048576K
}
Event: 56,969 GC heap before
{Heap before GC invocations=115 (full 8):
 PSYoungGen      total 64000K, used 63789K [0x00000000eab00000, 0x00000000ef280000, 0x0000000100000000)
  eden space 59392K, 100% used [0x00000000eab00000,0x00000000ee500000,0x00000000ee500000)
  from space 4608K, 95% used [0x00000000eeb00000,0x00000000eef4b500,0x00000000eef80000)
  to   space 3072K, 0% used [0x00000000eef80000,0x00000000eef80000,0x00000000ef280000)
 ParOldGen       total 311808K, used 242401K [0x00000000c0000000, 0x00000000d3080000, 0x00000000eab00000)
  object space 311808K, 77% used [0x00000000c0000000,0x00000000cecb86d8,0x00000000d3080000)
 Metaspace       used 76013K, committed 77312K, reserved 1179648K
  class space    used 8037K, committed 8576K, reserved 1048576K
}
Event: 56,977 GC heap after
{Heap after GC invocations=115 (full 8):
 PSYoungGen      total 60928K, used 1856K [0x00000000eab00000, 0x00000000ef180000, 0x0000000100000000)
  eden space 58880K, 0% used [0x00000000eab00000,0x00000000eab00000,0x00000000ee480000)
  from space 2048K, 90% used [0x00000000eef80000,0x00000000ef150000,0x00000000ef180000)
  to   space 3072K, 0% used [0x00000000eeb80000,0x00000000eeb80000,0x00000000eee80000)
 ParOldGen       total 311808K, used 242401K [0x00000000c0000000, 0x00000000d3080000, 0x00000000eab00000)
  object space 311808K, 77% used [0x00000000c0000000,0x00000000cecb86d8,0x00000000d3080000)
 Metaspace       used 76013K, committed 77312K, reserved 1179648K
  class space    used 8037K, committed 8576K, reserved 1048576K
}
Event: 57,252 GC heap before
{Heap before GC invocations=116 (full 8):
 PSYoungGen      total 60928K, used 60736K [0x00000000eab00000, 0x00000000ef180000, 0x0000000100000000)
  eden space 58880K, 100% used [0x00000000eab00000,0x00000000ee480000,0x00000000ee480000)
  from space 2048K, 90% used [0x00000000eef80000,0x00000000ef150000,0x00000000ef180000)
  to   space 3072K, 0% used [0x00000000eeb80000,0x00000000eeb80000,0x00000000eee80000)
 ParOldGen       total 311808K, used 242401K [0x00000000c0000000, 0x00000000d3080000, 0x00000000eab00000)
  object space 311808K, 77% used [0x00000000c0000000,0x00000000cecb86d8,0x00000000d3080000)
 Metaspace       used 76013K, committed 77312K, reserved 1179648K
  class space    used 8037K, committed 8576K, reserved 1048576K
}
Event: 57,257 GC heap after
{Heap after GC invocations=116 (full 8):
 PSYoungGen      total 61440K, used 3058K [0x00000000eab00000, 0x00000000ef400000, 0x0000000100000000)
  eden space 58368K, 0% used [0x00000000eab00000,0x00000000eab00000,0x00000000ee400000)
  from space 3072K, 99% used [0x00000000eeb80000,0x00000000eee7c890,0x00000000eee80000)
  to   space 5632K, 0% used [0x00000000eee80000,0x00000000eee80000,0x00000000ef400000)
 ParOldGen       total 311808K, used 246488K [0x00000000c0000000, 0x00000000d3080000, 0x00000000eab00000)
  object space 311808K, 79% used [0x00000000c0000000,0x00000000cf0b6180,0x00000000d3080000)
 Metaspace       used 76013K, committed 77312K, reserved 1179648K
  class space    used 8037K, committed 8576K, reserved 1048576K
}
Event: 57,522 GC heap before
{Heap before GC invocations=117 (full 8):
 PSYoungGen      total 61440K, used 61426K [0x00000000eab00000, 0x00000000ef400000, 0x0000000100000000)
  eden space 58368K, 100% used [0x00000000eab00000,0x00000000ee400000,0x00000000ee400000)
  from space 3072K, 99% used [0x00000000eeb80000,0x00000000eee7c890,0x00000000eee80000)
  to   space 5632K, 0% used [0x00000000eee80000,0x00000000eee80000,0x00000000ef400000)
 ParOldGen       total 311808K, used 246488K [0x00000000c0000000, 0x00000000d3080000, 0x00000000eab00000)
  object space 311808K, 79% used [0x00000000c0000000,0x00000000cf0b6180,0x00000000d3080000)
 Metaspace       used 76014K, committed 77312K, reserved 1179648K
  class space    used 8037K, committed 8576K, reserved 1048576K
}
Event: 57,528 GC heap after
{Heap after GC invocations=117 (full 8):
 PSYoungGen      total 63488K, used 5609K [0x00000000eab00000, 0x00000000ef400000, 0x0000000100000000)
  eden space 57856K, 0% used [0x00000000eab00000,0x00000000eab00000,0x00000000ee380000)
  from space 5632K, 99% used [0x00000000eee80000,0x00000000ef3fa7a0,0x00000000ef400000)
  to   space 7168K, 0% used [0x00000000ee600000,0x00000000ee600000,0x00000000eed00000)
 ParOldGen       total 311808K, used 247736K [0x00000000c0000000, 0x00000000d3080000, 0x00000000eab00000)
  object space 311808K, 79% used [0x00000000c0000000,0x00000000cf1ee180,0x00000000d3080000)
 Metaspace       used 76014K, committed 77312K, reserved 1179648K
  class space    used 8037K, committed 8576K, reserved 1048576K
}
Event: 57,860 GC heap before
{Heap before GC invocations=118 (full 8):
 PSYoungGen      total 63488K, used 63465K [0x00000000eab00000, 0x00000000ef400000, 0x0000000100000000)
  eden space 57856K, 100% used [0x00000000eab00000,0x00000000ee380000,0x00000000ee380000)
  from space 5632K, 99% used [0x00000000eee80000,0x00000000ef3fa7a0,0x00000000ef400000)
  to   space 7168K, 0% used [0x00000000ee600000,0x00000000ee600000,0x00000000eed00000)
 ParOldGen       total 311808K, used 247736K [0x00000000c0000000, 0x00000000d3080000, 0x00000000eab00000)
  object space 311808K, 79% used [0x00000000c0000000,0x00000000cf1ee180,0x00000000d3080000)
 Metaspace       used 76019K, committed 77312K, reserved 1179648K
  class space    used 8037K, committed 8576K, reserved 1048576K
}
Event: 57,867 GC heap after
{Heap after GC invocations=118 (full 8):
 PSYoungGen      total 64512K, used 7040K [0x00000000eab00000, 0x00000000ef100000, 0x0000000100000000)
  eden space 57344K, 0% used [0x00000000eab00000,0x00000000eab00000,0x00000000ee300000)
  from space 7168K, 98% used [0x00000000ee600000,0x00000000eece01c8,0x00000000eed00000)
  to   space 4096K, 0% used [0x00000000eed00000,0x00000000eed00000,0x00000000ef100000)
 ParOldGen       total 311808K, used 248192K [0x00000000c0000000, 0x00000000d3080000, 0x00000000eab00000)
  object space 311808K, 79% used [0x00000000c0000000,0x00000000cf260180,0x00000000d3080000)
 Metaspace       used 76019K, committed 77312K, reserved 1179648K
  class space    used 8037K, committed 8576K, reserved 1048576K
}
Event: 58,148 GC heap before
{Heap before GC invocations=119 (full 8):
 PSYoungGen      total 64512K, used 64384K [0x00000000eab00000, 0x00000000ef100000, 0x0000000100000000)
  eden space 57344K, 100% used [0x00000000eab00000,0x00000000ee300000,0x00000000ee300000)
  from space 7168K, 98% used [0x00000000ee600000,0x00000000eece01c8,0x00000000eed00000)
  to   space 4096K, 0% used [0x00000000eed00000,0x00000000eed00000,0x00000000ef100000)
 ParOldGen       total 311808K, used 248192K [0x00000000c0000000, 0x00000000d3080000, 0x00000000eab00000)
  object space 311808K, 79% used [0x00000000c0000000,0x00000000cf260180,0x00000000d3080000)
 Metaspace       used 76133K, committed 77440K, reserved 1179648K
  class space    used 8049K, committed 8576K, reserved 1048576K
}
Event: 58,179 GC heap after
{Heap after GC invocations=119 (full 8):
 PSYoungGen      total 55808K, used 4065K [0x00000000eab00000, 0x00000000f0480000, 0x0000000100000000)
  eden space 51712K, 0% used [0x00000000eab00000,0x00000000eab00000,0x00000000edd80000)
  from space 4096K, 99% used [0x00000000eed00000,0x00000000ef0f8708,0x00000000ef100000)
  to   space 15872K, 0% used [0x00000000edd80000,0x00000000edd80000,0x00000000eed00000)
 ParOldGen       total 311808K, used 258666K [0x00000000c0000000, 0x00000000d3080000, 0x00000000eab00000)
  object space 311808K, 82% used [0x00000000c0000000,0x00000000cfc9ab98,0x00000000d3080000)
 Metaspace       used 76133K, committed 77440K, reserved 1179648K
  class space    used 8049K, committed 8576K, reserved 1048576K
}
Event: 59,022 GC heap before
{Heap before GC invocations=120 (full 8):
 PSYoungGen      total 55808K, used 55777K [0x00000000eab00000, 0x00000000f0480000, 0x0000000100000000)
  eden space 51712K, 100% used [0x00000000eab00000,0x00000000edd80000,0x00000000edd80000)
  from space 4096K, 99% used [0x00000000eed00000,0x00000000ef0f8708,0x00000000ef100000)
  to   space 15872K, 0% used [0x00000000edd80000,0x00000000edd80000,0x00000000eed00000)
 ParOldGen       total 311808K, used 258666K [0x00000000c0000000, 0x00000000d3080000, 0x00000000eab00000)
  object space 311808K, 82% used [0x00000000c0000000,0x00000000cfc9ab98,0x00000000d3080000)
 Metaspace       used 76231K, committed 77632K, reserved 1179648K
  class space    used 8052K, committed 8640K, reserved 1048576K
}
Event: 59,078 GC heap after
{Heap after GC invocations=120 (full 8):
 PSYoungGen      total 67584K, used 15860K [0x00000000eab00000, 0x00000000f0300000, 0x0000000100000000)
  eden space 51712K, 0% used [0x00000000eab00000,0x00000000eab00000,0x00000000edd80000)
  from space 15872K, 99% used [0x00000000edd80000,0x00000000eecfd3a8,0x00000000eed00000)
  to   space 17920K, 0% used [0x00000000ef180000,0x00000000ef180000,0x00000000f0300000)
 ParOldGen       total 311808K, used 259922K [0x00000000c0000000, 0x00000000d3080000, 0x00000000eab00000)
  object space 311808K, 83% used [0x00000000c0000000,0x00000000cfdd4b98,0x00000000d3080000)
 Metaspace       used 76231K, committed 77632K, reserved 1179648K
  class space    used 8052K, committed 8640K, reserved 1048576K
}

