<?xml version="1.0" encoding="UTF-8"?>
<testsuite xmlns:xsi="http://www.w3.org/2001/XMLSchema-instance" xsi:noNamespaceSchemaLocation="https://maven.apache.org/surefire/maven-surefire-plugin/xsd/surefire-test-report-3.0.xsd" version="3.0" name="insa.fr.msa.RequestManagementService.RequestManagementServiceApplicationTests" time="2.589" tests="1" errors="0" skipped="0" failures="0">
  <properties>
[...]
</properties>
  <testcase name="contextLoads" classname="insa.fr.msa.RequestManagementService.RequestManagementServiceApplicationTests" time="0.439">
    <system-out><![CDATA[16:00:20.682 [main] INFO org.springframework.test.context.support.AnnotationConfigContextLoaderUtils -- Could not detect default configuration classes for test class [insa.fr.msa.RequestManagementService.RequestManagementServiceApplicationTests]: RequestManagementServiceApplicationTests does not declare any static, non-private, non-final, nested classes annotated with @Configuration.
16:00:20.742 [main] INFO org.springframework.boot.test.context.SpringBootTestContextBootstrapper -- Found @SpringBootConfiguration insa.fr.msa.RequestManagementService.RequestManagementServiceApplication for test class insa.fr.msa.RequestManagementService.RequestManagementServiceApplicationTests

  .   ____          _            __ _ _
 /\\ / ___'_ __ _ _(_)_ __  __ _ \ \ \ \
( ( )\___ | '_ | '_| | '_ \/ _` | \ \ \ \
 \\/  ___)| |_)| | | | | || (_| |  ) ) ) )
  '  |____| .__|_| |_|_| |_\__, | / / / /
 =========|_|==============|___/=/_/_/_/

 :: Spring Boot ::                (v3.3.6)

2024-12-08T16:00:21.678+01:00  INFO 15905 --- [RequestManagement-Service] [           main] RequestManagementServiceApplicationTests : Starting RequestManagementServiceApplicationTests using Java 17.0.13 with PID 15905 (started by iedbouke in /home/iedbouke/Bureau/SOA/SOA/RequestManagementService)
2024-12-08T16:00:21.679+01:00  INFO 15905 --- [RequestManagement-Service] [           main] RequestManagementServiceApplicationTests : No active profile set, falling back to 1 default profile: "default"
2024-12-08T16:00:21.696+01:00  INFO 15905 --- [RequestManagement-Service] [           main] o.s.c.c.c.ConfigServerConfigDataLoader   : Fetching config from server at : http://localhost:8888
2024-12-08T16:00:21.696+01:00  INFO 15905 --- [RequestManagement-Service] [           main] o.s.c.c.c.ConfigServerConfigDataLoader   : Located environment: name=RequestManagement-Service, profiles=[default], label=null, version=5f8bec9ec34f007ff1e53f5ee23b4923c7edc3b3, state=null
2024-12-08T16:00:22.076+01:00  INFO 15905 --- [RequestManagement-Service] [           main] o.s.cloud.context.scope.GenericScope     : BeanFactory id=1273d1d4-ab2e-3667-ac2b-980f31e626ea
2024-12-08T16:00:22.113+01:00  WARN 15905 --- [RequestManagement-Service] [           main] trationDelegate$BeanPostProcessorChecker : Bean 'org.springframework.cloud.client.loadbalancer.LoadBalancerAutoConfiguration$DeferringLoadBalancerInterceptorConfig' of type [org.springframework.cloud.client.loadbalancer.LoadBalancerAutoConfiguration$DeferringLoadBalancerInterceptorConfig] is not eligible for getting processed by all BeanPostProcessors (for example: not eligible for auto-proxying). The currently created BeanPostProcessor [lbRestClientPostProcessor] is declared through a non-static factory method on that class; consider declaring it as static instead.
2024-12-08T16:00:22.116+01:00  WARN 15905 --- [RequestManagement-Service] [           main] trationDelegate$BeanPostProcessorChecker : Bean 'deferringLoadBalancerInterceptor' of type [org.springframework.cloud.client.loadbalancer.DeferringLoadBalancerInterceptor] is not eligible for getting processed by all BeanPostProcessors (for example: not eligible for auto-proxying). Is this bean getting eagerly injected/applied to a currently created BeanPostProcessor [lbRestClientPostProcessor]? Check the corresponding BeanPostProcessor declaration and its dependencies/advisors. If this bean does not have to be post-processed, declare it with ROLE_INFRASTRUCTURE.
2024-12-08T16:00:22.454+01:00  INFO 15905 --- [RequestManagement-Service] [           main] DiscoveryClientOptionalArgsConfiguration : Eureka HTTP Client uses RestTemplate.
2024-12-08T16:00:22.475+01:00  WARN 15905 --- [RequestManagement-Service] [           main] iguration$LoadBalancerCaffeineWarnLogger : Spring Cloud LoadBalancer is currently working with the default cache. While this cache implementation is useful for development and tests, it's recommended to use Caffeine cache in production.You can switch to using Caffeine cache, by adding it and org.springframework.cache.caffeine.CaffeineCacheManager to the classpath.
2024-12-08T16:00:22.488+01:00  INFO 15905 --- [RequestManagement-Service] [           main] o.s.c.n.eureka.InstanceInfoFactory       : Setting initial instance status as: STARTING
2024-12-08T16:00:22.540+01:00  INFO 15905 --- [RequestManagement-Service] [           main] com.netflix.discovery.DiscoveryClient    : Initializing Eureka in region us-east-1
2024-12-08T16:00:22.543+01:00  INFO 15905 --- [RequestManagement-Service] [           main] c.n.d.s.r.aws.ConfigClusterResolver      : Resolving eureka endpoints via configuration
2024-12-08T16:00:22.555+01:00  INFO 15905 --- [RequestManagement-Service] [           main] com.netflix.discovery.DiscoveryClient    : Disable delta property : false
2024-12-08T16:00:22.556+01:00  INFO 15905 --- [RequestManagement-Service] [           main] com.netflix.discovery.DiscoveryClient    : Single vip registry refresh property : null
2024-12-08T16:00:22.556+01:00  INFO 15905 --- [RequestManagement-Service] [           main] com.netflix.discovery.DiscoveryClient    : Force full registry fetch : false
2024-12-08T16:00:22.556+01:00  INFO 15905 --- [RequestManagement-Service] [           main] com.netflix.discovery.DiscoveryClient    : Application is null : false
2024-12-08T16:00:22.556+01:00  INFO 15905 --- [RequestManagement-Service] [           main] com.netflix.discovery.DiscoveryClient    : Registered Applications size is zero : true
2024-12-08T16:00:22.556+01:00  INFO 15905 --- [RequestManagement-Service] [           main] com.netflix.discovery.DiscoveryClient    : Application version is -1: true
2024-12-08T16:00:22.556+01:00  INFO 15905 --- [RequestManagement-Service] [           main] com.netflix.discovery.DiscoveryClient    : Getting all instance registry info from the eureka server
2024-12-08T16:00:22.716+01:00  INFO 15905 --- [RequestManagement-Service] [           main] com.netflix.discovery.DiscoveryClient    : The response status is 200
2024-12-08T16:00:22.718+01:00  INFO 15905 --- [RequestManagement-Service] [           main] com.netflix.discovery.DiscoveryClient    : Starting heartbeat executor: renew interval is: 30
2024-12-08T16:00:22.719+01:00  INFO 15905 --- [RequestManagement-Service] [           main] c.n.discovery.InstanceInfoReplicator     : InstanceInfoReplicator onDemand update allowed rate per min is 4
2024-12-08T16:00:22.722+01:00  INFO 15905 --- [RequestManagement-Service] [           main] com.netflix.discovery.DiscoveryClient    : Discovery Client initialized at timestamp 1733670022722 with initial instances count: 1
2024-12-08T16:00:22.723+01:00  INFO 15905 --- [RequestManagement-Service] [           main] o.s.c.n.e.s.EurekaServiceRegistry        : Registering application REQUESTMANAGEMENT-SERVICE with eureka with status UP
2024-12-08T16:00:22.723+01:00  INFO 15905 --- [RequestManagement-Service] [           main] com.netflix.discovery.DiscoveryClient    : Saw local status change event StatusChangeEvent [timestamp=1733670022723, current=UP, previous=STARTING]
2024-12-08T16:00:22.724+01:00  INFO 15905 --- [RequestManagement-Service] [nfoReplicator-0] com.netflix.discovery.DiscoveryClient    : DiscoveryClient_REQUESTMANAGEMENT-SERVICE/insa-20927.insa-toulouse.fr:RequestManagement-Service:8101: registering service...
2024-12-08T16:00:22.730+01:00  INFO 15905 --- [RequestManagement-Service] [           main] RequestManagementServiceApplicationTests : Started RequestManagementServiceApplicationTests in 1.912 seconds (process running for 2.486)
2024-12-08T16:00:22.746+01:00  INFO 15905 --- [RequestManagement-Service] [nfoReplicator-0] com.netflix.discovery.DiscoveryClient    : DiscoveryClient_REQUESTMANAGEMENT-SERVICE/insa-20927.insa-toulouse.fr:RequestManagement-Service:8101 - registration status: 204
]]></system-out>
  </testcase>
</testsuite>